time="2025-06-10T11:17:08+08:00" level=info msg="load config from file"
time="2025-06-10 11:17:08" level=info msg="GetReceipt Limit 20000 qps"
[32m  _____               _       _   _[0m
[32m |  __ \             | |     | | (_)[0m
[32m | |__) |   ___    __| |   __| |  _    ___[0m
[32m |  _  /   / _ \  / _` |  / _` | | |  / _ \[0m
[32m | | \ \  |  __/ | (_| | | (_| | | | | (_) |[0m
[32m |_|  \_\  \___|  \__,_|  \__,_| |_|  \___/[0m
time="2025-06-10 11:17:08" level=info msg="--- Start the Reddio Chain ---"
time="2025-06-10 11:17:09" level=info msg="I am /ip4/127.0.0.1/tcp/8887/p2p/12D3KooWHHzSeKaY8xuZVzkLbKFfvNgPPeKhFBGrMbNzbm5akpqu"
time="2025-06-10 11:17:09" level=info msg="register P2pHandler(100) into Tripod(synchronizer) \n"
time="2025-06-10 11:17:09" level=info msg="register P2pHandler(101) into Tripod(synchronizer) \n"
time="2025-06-10 11:17:09" level=info msg="register Writing (ExecuteTxn) into Tripod(solidity) \n"
time="2025-06-10 11:17:09" level=info msg="register Reading (Call) into Tripod(solidity) \n"
time="2025-06-10 11:17:09" level=info msg="register Reading (GetReceipt) into Tripod(solidity) \n"
time="2025-06-10 11:17:09" level=info msg="register Reading (GetReceipts) into Tripod(solidity) \n"
time="2025-06-10 11:17:09" level=info msg="Writing custom genesis block"
time="2025-06-10 11:17:09" level=info msg="start the server"
time="2025-06-10 11:17:09" level=info msg=" I am Leader! I mine the block for height (1)! "
time="2025-06-10 11:17:12" level=info msg="Start Execute Block 1"
time="2025-06-10 11:17:12" level=info msg="End Execute Block 1"
time="2025-06-10 11:17:15" level=info msg=" I am Leader! I mine the block for height (2)! "
time="2025-06-10 11:17:15" level=info msg="Start Execute Block 2"
time="2025-06-10 11:17:15" level=info msg="End Execute Block 2"
time="2025-06-10 11:17:18" level=info msg=" I am Leader! I mine the block for height (3)! "
time="2025-06-10 11:17:18" level=info msg="Start Execute Block 3"
time="2025-06-10 11:17:18" level=info msg="End Execute Block 3"
time="2025-06-10 11:17:18" level=info msg=" I am Leader! I mine the block for height (4)! "
[GIN] 2025/06/10 - 11:17:20 | 200 |    1.953012ms |             ::1 | GET      "/api/block"
time="2025-06-10 11:17:21" level=info msg="Start Execute Block 4"
time="2025-06-10 11:17:21" level=info msg="End Execute Block 4"
time="2025-06-10 11:17:24" level=info msg=" I am Leader! I mine the block for height (5)! "
time="2025-06-10 11:17:24" level=info msg="Start Execute Block 5"
time="2025-06-10 11:17:24" level=info msg="End Execute Block 5"
time="2025-06-10 11:17:27" level=info msg=" I am Leader! I mine the block for height (6)! "
time="2025-06-10 11:17:27" level=info msg="Start Execute Block 6"
time="2025-06-10 11:17:27" level=info msg="End Execute Block 6"
time="2025-06-10 11:17:27" level=info msg=" I am Leader! I mine the block for height (7)! "
[GIN] 2025/06/10 - 11:17:29 | 200 |    3.864972ms |             ::1 | GET      "/api/block"
time="2025-06-10 11:17:30" level=info msg="Start Execute Block 7"
time="2025-06-10 11:17:30" level=info msg="End Execute Block 7"
time="2025-06-10 11:17:33" level=info msg=" I am Leader! I mine the block for height (8)! "
time="2025-06-10 11:17:33" level=info msg="Start Execute Block 8"
time="2025-06-10 11:17:33" level=info msg="End Execute Block 8"
time="2025-06-10 11:17:36" level=info msg=" I am Leader! I mine the block for height (9)! "
time="2025-06-10 11:17:36" level=info msg="Start Execute Block 9"
time="2025-06-10 11:17:37" level=info msg="End Execute Block 9"
time="2025-06-10 11:17:37" level=info msg=" I am Leader! I mine the block for height (10)! "
[GIN] 2025/06/10 - 11:17:39 | 200 |      217.05µs |             ::1 | GET      "/api/block"
time="2025-06-10 11:17:39" level=info msg="stop the server"
time="2025-06-10 11:17:40" level=info msg="Start Execute Block 10"
time="2025-06-10 11:17:40" level=info msg="End Execute Block 10"
time="2025-06-10 11:17:40" level=info msg="Stop the Chain!"
time="2025-06-10 11:17:40" level=info msg="Run exit"
